
Generating Makefile in build directory: /home/macbook/Documents/GitHub/ABE/Papers/ABE-SGX/Code/OBABE/

sh -c /home/macbook/Documents/GitHub/ABE/Papers/ABE-SGX/Code/OBABE/configure 
configure: error: cannot find sources (common.h) in /home/macbook/Documents/GitHub/ABE/Papers/ABE-SGX/Code/OBABE or ..
configure: error: cannot find sources (common.h) in /home/macbook/Documents/GitHub/ABE/Papers/ABE-SGX/Code/OBABE or ..

Configuration failed with error
Build stopped
()13:33:44 **** Build of configuration Build (GNU) for project OBABE ****
make all 
make: *** No rule to make target 'all'.  Stop.

Generating Makefile in build directory: /home/macbook/Documents/GitHub/ABE/Papers/ABE-SGX/Code/OBABE/

sh -c /home/macbook/Documents/GitHub/ABE/Papers/ABE-SGX/Code/OBABE/configure 
configure: error: cannot find sources (common.h) in /home/macbook/Documents/GitHub/ABE/Papers/ABE-SGX/Code/OBABE or ..
configure: error: cannot find sources (common.h) in /home/macbook/Documents/GitHub/ABE/Papers/ABE-SGX/Code/OBABE or ..

Configuration failed with error
Build stopped
()
Generating Makefile in build directory: /home/macbook/Documents/GitHub/ABE/Papers/ABE-SGX/Code/OBABE/

sh -c /home/macbook/Documents/GitHub/ABE/Papers/ABE-SGX/Code/OBABE/configure 
configure: error: cannot find sources (common.h) in /home/macbook/Documents/GitHub/ABE/Papers/ABE-SGX/Code/OBABE or ..
configure: error: cannot find sources (common.h) in /home/macbook/Documents/GitHub/ABE/Papers/ABE-SGX/Code/OBABE or ..

Configuration failed with error
Build stopped
()